<?xml version="1.0" encoding="UTF-8"?>
<testng-results skipped="0" failed="0" total="1" passed="1">
  <reporter-output>
  </reporter-output>
  <suite name="TestNGBatch" duration-ms="31" started-at="2016-05-15T12:19:32Z" finished-at="2016-05-15T12:19:32Z">
    <groups>
    </groups>
    <test name="Test" duration-ms="31" started-at="2016-05-15T12:19:32Z" finished-at="2016-05-15T12:19:32Z">
      <class name="abhishek.learn.all.ngMvn.NewTest">
        <test-method status="PASS" signature="beforeTest()[pri:0, instance:abhishek.learn.all.ngMvn.NewTest@7904f4c8]" name="beforeTest" is-config="true" duration-ms="14" started-at="2016-05-15T17:49:32Z" finished-at="2016-05-15T17:49:32Z">
          <reporter-output>
          </reporter-output>
        </test-method> <!-- beforeTest -->
        <test-method status="PASS" signature="f()[pri:0, instance:abhishek.learn.all.ngMvn.NewTest@7904f4c8]" name="f" duration-ms="1" started-at="2016-05-15T17:49:32Z" finished-at="2016-05-15T17:49:32Z">
          <reporter-output>
          </reporter-output>
        </test-method> <!-- f -->
        <test-method status="PASS" signature="afterTest()[pri:0, instance:abhishek.learn.all.ngMvn.NewTest@7904f4c8]" name="afterTest" is-config="true" duration-ms="1" started-at="2016-05-15T17:49:32Z" finished-at="2016-05-15T17:49:32Z">
          <reporter-output>
          </reporter-output>
        </test-method> <!-- afterTest -->
      </class> <!-- abhishek.learn.all.ngMvn.NewTest -->
    </test> <!-- Test -->
  </suite> <!-- TestNGBatch -->
</testng-results>
